<?xml version="1.0" encoding="UTF-8"?>
<!-- Generated by org.testng.reporters.JUnitReportReporter -->
<testsuite skipped="0" hostname="LAPTOP-0NQOBMF3" name="org.testngtest.TestNg_Class_Greens_Technology1" tests="1" failures="0" timestamp="2021-01-21T17:42:55 IST" time="10.342" errors="0">
  <testcase name="launchBrowser" time="10.342" classname="org.testngtest.TestNg_Class_Greens_Technology1"/>
  <system-out/>
</testsuite> <!-- org.testngtest.TestNg_Class_Greens_Technology1 -->
