<?xml version="1.0" encoding="UTF-8"?>
<!-- Generated by org.testng.reporters.JUnitReportReporter -->
<testsuite skipped="0" hostname="LAPTOP-0NQOBMF3" name="org.testngtest.TestNg_Class_Redbus" tests="1" failures="0" timestamp="2021-01-21T14:47:45 IST" time="104.707" errors="0">
  <testcase name="tc1" time="104.707" classname="org.testngtest.TestNg_Class_Redbus"/>
  <system-out/>
</testsuite> <!-- org.testngtest.TestNg_Class_Redbus -->
