<?xml version="1.0" encoding="UTF-8"?>
<!-- Generated by org.testng.reporters.JUnitReportReporter -->
<testsuite skipped="0" hostname="LAPTOP-0NQOBMF3" name="org.testngtest.TestNg_Class_Facebook" tests="1" failures="0" timestamp="2021-01-21T12:40:43 IST" time="23.275" errors="0">
  <testcase name="tc1" time="23.275" classname="org.testngtest.TestNg_Class_Facebook"/>
  <system-out/>
</testsuite> <!-- org.testngtest.TestNg_Class_Facebook -->
