<?xml version="1.0" encoding="UTF-8"?>
<!-- Generated by org.testng.reporters.JUnitReportReporter -->
<testsuite skipped="0" hostname="LAPTOP-0NQOBMF3" name="org.testngtest.TestNG_Class_Facebook1" tests="2" failures="0" timestamp="22 Jan 2021 10:38:08 GMT" time="43.195" errors="0">
  <testcase name="tc2" time="21.128" classname="org.testngtest.TestNG_Class_Facebook1"/>
  <testcase name="tc1" time="22.067" classname="org.testngtest.TestNG_Class_Facebook1"/>
</testsuite> <!-- org.testngtest.TestNG_Class_Facebook1 -->
