<?xml version="1.0" encoding="UTF-8"?>
<!-- Generated by org.testng.reporters.JUnitReportReporter -->
<testsuite skipped="0" hostname="LAPTOP-0NQOBMF3" name="org.testngtest.TestNg_Class_Gmail1" tests="3" failures="0" timestamp="25 Jan 2021 17:21:38 GMT" time="11.799" errors="0">
  <testcase name="tc1" time="3.976" classname="org.testngtest.TestNg_Class_Gmail1"/>
  <testcase name="tc1" time="3.526" classname="org.testngtest.TestNg_Class_Gmail1"/>
  <testcase name="tc1" time="4.297" classname="org.testngtest.TestNg_Class_Gmail1"/>
</testsuite> <!-- org.testngtest.TestNg_Class_Gmail1 -->
