<?xml version="1.0" encoding="UTF-8"?>
<!-- Generated by org.testng.reporters.JUnitReportReporter -->
<testsuite skipped="0" hostname="LAPTOP-0NQOBMF3" name="org.testngtest.TestNg_Class_FlipKart1" tests="3" failures="0" timestamp="2021-01-21T17:23:49 IST" time="28.556" errors="0">
  <testcase name="tc1" time="8.856" classname="org.testngtest.TestNg_Class_FlipKart1"/>
  <system-out/>
  <testcase name="tc1" time="11.219" classname="org.testngtest.TestNg_Class_FlipKart1"/>
  <system-out/>
  <testcase name="tc1" time="8.481" classname="org.testngtest.TestNg_Class_FlipKart1"/>
  <system-out/>
</testsuite> <!-- org.testngtest.TestNg_Class_FlipKart1 -->
