<?xml version="1.0" encoding="UTF-8"?>
<!-- Generated by org.testng.reporters.JUnitReportReporter -->
<testsuite skipped="0" hostname="LAPTOP-0NQOBMF3" name="org.testngtest.TestNg_Class_Demoqa_Com3" tests="10" failures="0" timestamp="24 Jan 2021 18:19:13 GMT" time="17.793" errors="0">
  <testcase name="tc5" time="0.113" classname="org.testngtest.TestNg_Class_Demoqa_Com3"/>
  <testcase name="tc8" time="3.110" classname="org.testngtest.TestNg_Class_Demoqa_Com3"/>
  <testcase name="tc3" time="0.111" classname="org.testngtest.TestNg_Class_Demoqa_Com3"/>
  <testcase name="tcc1" time="8.154" classname="org.testngtest.TestNg_Class_Demoqa_Com3"/>
  <testcase name="tc6" time="0.112" classname="org.testngtest.TestNg_Class_Demoqa_Com3"/>
  <testcase name="tc1" time="0.641" classname="org.testngtest.TestNg_Class_Demoqa_Com3"/>
  <testcase name="tc2" time="0.094" classname="org.testngtest.TestNg_Class_Demoqa_Com3"/>
  <testcase name="tc9" time="5.315" classname="org.testngtest.TestNg_Class_Demoqa_Com3"/>
  <testcase name="tc7" time="0.066" classname="org.testngtest.TestNg_Class_Demoqa_Com3"/>
  <testcase name="tc4" time="0.077" classname="org.testngtest.TestNg_Class_Demoqa_Com3"/>
</testsuite> <!-- org.testngtest.TestNg_Class_Demoqa_Com3 -->
